2022-04-15 00:14:39.476 [main] INFO  calculator.Calculator - [SQ ROOT] - 3.0
2022-04-15 00:14:39.480 [main] INFO  calculator.Calculator - [RESULT - SQ ROOT] - 1.7320508075688772
2022-04-15 00:14:39.481 [main] INFO  calculator.Calculator - [SQ ROOT] - 9.0
2022-04-15 00:14:39.481 [main] INFO  calculator.Calculator - [RESULT - SQ ROOT] - 3.0
2022-04-15 00:14:39.483 [main] INFO  calculator.Calculator - [NATURAL LOG] - 1.0
2022-04-15 00:14:39.484 [main] INFO  calculator.Calculator - [RESULT - NATURAL LOG] - 0.0
2022-04-15 00:14:39.485 [main] INFO  calculator.Calculator - [NATURAL LOG] - 1.0
2022-04-15 00:14:39.486 [main] INFO  calculator.Calculator - [RESULT - NATURAL LOG] - 0.0
2022-04-15 00:14:39.505 [main] INFO  calculator.Calculator - [POWER - 2.0 RAISED TO] 3.0
2022-04-15 00:14:39.506 [main] INFO  calculator.Calculator - [RESULT - POWER] - 8.0
2022-04-15 00:14:39.507 [main] INFO  calculator.Calculator - [POWER - 2.0 RAISED TO] 10.0
2022-04-15 00:14:39.507 [main] INFO  calculator.Calculator - [RESULT - POWER] - 1024.0
2022-04-15 00:14:39.508 [main] INFO  calculator.Calculator - [POWER - 2.0 RAISED TO] 10.0
2022-04-15 00:14:39.509 [main] INFO  calculator.Calculator - [RESULT - POWER] - 1024.0
2022-04-15 00:14:39.509 [main] INFO  calculator.Calculator - [POWER - 4.0 RAISED TO] 2.0
2022-04-15 00:14:39.509 [main] INFO  calculator.Calculator - [RESULT - POWER] - 16.0
2022-04-15 00:14:39.511 [main] INFO  calculator.Calculator - [NATURAL LOG] - 4.0
2022-04-15 00:14:39.511 [main] INFO  calculator.Calculator - [RESULT - NATURAL LOG] - 1.3862943611198906
2022-04-15 00:14:39.512 [main] INFO  calculator.Calculator - [NATURAL LOG] - 3.2
2022-04-15 00:14:39.513 [main] INFO  calculator.Calculator - [RESULT - NATURAL LOG] - 1.1631508098056809
2022-04-15 00:14:39.514 [main] INFO  calculator.Calculator - [SQ ROOT] - 81.0
2022-04-15 00:14:39.516 [main] INFO  calculator.Calculator - [RESULT - SQ ROOT] - 9.0
2022-04-15 00:14:39.517 [main] INFO  calculator.Calculator - [SQ ROOT] - 100.0
2022-04-15 00:14:39.518 [main] INFO  calculator.Calculator - [RESULT - SQ ROOT] - 10.0
2022-04-15 00:16:07.873 [main] INFO  calculator.Calculator - [SQ ROOT] - 3.0
2022-04-15 00:16:07.876 [main] INFO  calculator.Calculator - [RESULT - SQ ROOT] - 1.7320508075688772
2022-04-15 00:16:07.877 [main] INFO  calculator.Calculator - [SQ ROOT] - 9.0
2022-04-15 00:16:07.877 [main] INFO  calculator.Calculator - [RESULT - SQ ROOT] - 3.0
2022-04-15 00:16:07.878 [main] INFO  calculator.Calculator - [NATURAL LOG] - 1.0
2022-04-15 00:16:07.879 [main] INFO  calculator.Calculator - [RESULT - NATURAL LOG] - 0.0
2022-04-15 00:16:07.879 [main] INFO  calculator.Calculator - [NATURAL LOG] - 1.0
2022-04-15 00:16:07.880 [main] INFO  calculator.Calculator - [RESULT - NATURAL LOG] - 0.0
2022-04-15 00:16:07.891 [main] INFO  calculator.Calculator - [POWER - 2.0 RAISED TO] 3.0
2022-04-15 00:16:07.892 [main] INFO  calculator.Calculator - [RESULT - POWER] - 8.0
2022-04-15 00:16:07.893 [main] INFO  calculator.Calculator - [POWER - 2.0 RAISED TO] 10.0
2022-04-15 00:16:07.893 [main] INFO  calculator.Calculator - [RESULT - POWER] - 1024.0
2022-04-15 00:16:07.894 [main] INFO  calculator.Calculator - [POWER - 2.0 RAISED TO] 10.0
2022-04-15 00:16:07.894 [main] INFO  calculator.Calculator - [RESULT - POWER] - 1024.0
2022-04-15 00:16:07.895 [main] INFO  calculator.Calculator - [POWER - 4.0 RAISED TO] 2.0
2022-04-15 00:16:07.895 [main] INFO  calculator.Calculator - [RESULT - POWER] - 16.0
2022-04-15 00:16:07.896 [main] INFO  calculator.Calculator - [NATURAL LOG] - 4.0
2022-04-15 00:16:07.897 [main] INFO  calculator.Calculator - [RESULT - NATURAL LOG] - 1.3862943611198906
2022-04-15 00:16:07.897 [main] INFO  calculator.Calculator - [NATURAL LOG] - 3.2
2022-04-15 00:16:07.898 [main] INFO  calculator.Calculator - [RESULT - NATURAL LOG] - 1.1631508098056809
2022-04-15 00:16:07.902 [main] INFO  calculator.Calculator - [SQ ROOT] - 81.0
2022-04-15 00:16:07.902 [main] INFO  calculator.Calculator - [RESULT - SQ ROOT] - 9.0
2022-04-15 00:16:07.903 [main] INFO  calculator.Calculator - [SQ ROOT] - 100.0
2022-04-15 00:16:07.903 [main] INFO  calculator.Calculator - [RESULT - SQ ROOT] - 10.0
